<?xml version="1.0" encoding="UTF-8"?>
<!-- Generated by org.testng.reporters.JUnitReportReporter -->
<testsuite skipped="0" hostname="Lenovo-PC" name="com.nobroker.Test.Testnobrokerapp" tests="3" failures="0" timestamp="2020-10-01T19:27:18 IST" time="32.776" errors="0">
  <testcase name="nobrokerapp" time="32.732" classname="com.nobroker.Test.Testnobrokerapp"/>
  <system-out/>
  <testcase name="allowapp" time="0.003" classname="com.nobroker.Test.Testnobrokerapp"/>
  <system-out/>
  <testcase name="loginapp" time="0.041" classname="com.nobroker.Test.Testnobrokerapp"/>
  <system-out/>
</testsuite> <!-- com.nobroker.Test.Testnobrokerapp -->
