<?xml version="1.0" encoding="UTF-8"?>
<!-- Generated by org.testng.reporters.JUnitReportReporter -->
<testsuite skipped="0" hostname="Lenovo-PC" name="com.nobroker.base.Testbase" tests="1" failures="0" timestamp="2020-10-01T17:19:46 IST" time="41.014" errors="0">
  <testcase name="nobrokerlogin" time="41.014" classname="com.nobroker.base.Testbase"/>
  <system-out/>
</testsuite> <!-- com.nobroker.base.Testbase -->
